<?xml version="1.0" encoding="UTF-8"?>
<!-- Generated by org.testng.reporters.JUnitReportReporter -->
<testsuite skipped="0" hostname="WIN-1CS9G9FJA9B" name="jenkinsAnand.JenkinsAnand.App" tests="1" failures="0" timestamp="26 Apr 2019 06:10:59 GMT" time="0.016" errors="0">
  <testcase name="test" time="0.016" classname="jenkinsAnand.JenkinsAnand.App"/>
</testsuite> <!-- jenkinsAnand.JenkinsAnand.App -->
